<?xml version="1.0" encoding="UTF-8"?>
<testng-results ignored="0" total="1" passed="1" failed="0" skipped="0">
  <reporter-output>
  </reporter-output>
  <suite started-at="2024-03-13T18:26:24 IST" name="Suite" finished-at="2024-03-13T18:26:26 IST" duration-ms="1732">
    <groups>
    </groups>
    <test started-at="2024-03-13T18:26:24 IST" name="Test" finished-at="2024-03-13T18:26:26 IST" duration-ms="1732">
      <class name="jenkin.jenkinTest.mavenCommand">
        <test-method signature="initiateBrowser()[pri:0, instance:jenkin.jenkinTest.mavenCommand@506ae4d4]" started-at="2024-03-13T18:26:24 IST" name="initiateBrowser" finished-at="2024-03-13T18:26:26 IST" duration-ms="1695" status="PASS">
          <reporter-output>
          </reporter-output>
        </test-method> <!-- initiateBrowser -->
      </class> <!-- jenkin.jenkinTest.mavenCommand -->
    </test> <!-- Test -->
  </suite> <!-- Suite -->
</testng-results>
