<?xml version="1.0" encoding="UTF-8"?>
<testng-results ignored="0" total="1" passed="1" failed="0" skipped="0">
  <reporter-output>
  </reporter-output>
  <suite started-at="2024-03-13T18:11:52 IST" name="Default suite" finished-at="2024-03-13T18:11:54 IST" duration-ms="1802">
    <groups>
    </groups>
    <test started-at="2024-03-13T18:11:52 IST" name="Default test" finished-at="2024-03-13T18:11:54 IST" duration-ms="1802">
      <class name="jenkin.jenkinTest.mavenCommand">
        <test-method signature="initiateBrowser()[pri:0, instance:jenkin.jenkinTest.mavenCommand@534a5a98]" started-at="2024-03-13T18:11:52 IST" name="initiateBrowser" finished-at="2024-03-13T18:11:54 IST" duration-ms="1750" status="PASS">
          <reporter-output>
          </reporter-output>
        </test-method> <!-- initiateBrowser -->
      </class> <!-- jenkin.jenkinTest.mavenCommand -->
    </test> <!-- Default test -->
  </suite> <!-- Default suite -->
</testng-results>
